14-10-2024 11:43:10.428 [background-preinit] INFO  o.h.validator.internal.util.Version.<clinit> - HV000001: Hibernate Validator 8.0.1.Final
14-10-2024 11:43:10.465 [main] INFO  ru.notivent.NotiventApp.logStarting - Starting NotiventApp using Java 21 with PID 5868 (C:\Users\1\IdeaProjects\notivent\target\classes started by 1 in C:\Users\1\IdeaProjects\notivent)
14-10-2024 11:43:10.466 [main] INFO  ru.notivent.NotiventApp.logStartupProfileInfo - No active profile set, falling back to 1 default profile: "default"
14-10-2024 11:43:11.661 [main] INFO  o.s.c.s.PostProcessorRegistrationDelegate$BeanPostProcessorChecker.postProcessAfterInitialization - Bean 'myBatisConfiguration' of type [ru.notivent.configuration.MyBatisConfiguration$$SpringCGLIB$$0] is not eligible for getting processed by all BeanPostProcessors (for example: not eligible for auto-proxying)
14-10-2024 11:43:11.693 [main] INFO  o.s.c.s.PostProcessorRegistrationDelegate$BeanPostProcessorChecker.postProcessAfterInitialization - Bean 'dataSource' of type [com.zaxxer.hikari.HikariDataSource] is not eligible for getting processed by all BeanPostProcessors (for example: not eligible for auto-proxying)
14-10-2024 11:43:11.697 [main] INFO  o.s.c.s.PostProcessorRegistrationDelegate$BeanPostProcessorChecker.postProcessAfterInitialization - Bean 'transactionManager' of type [org.springframework.jdbc.datasource.DataSourceTransactionManager] is not eligible for getting processed by all BeanPostProcessors (for example: not eligible for auto-proxying)
14-10-2024 11:43:11.961 [main] INFO  o.s.b.w.e.tomcat.TomcatWebServer.initialize - Tomcat initialized with port(s): 8010 (http)
14-10-2024 11:43:11.968 [main] INFO  o.a.coyote.http11.Http11NioProtocol.log - Initializing ProtocolHandler ["http-nio-8010"]
14-10-2024 11:43:11.970 [main] INFO  o.a.catalina.core.StandardService.log - Starting service [Tomcat]
14-10-2024 11:43:11.970 [main] INFO  o.a.catalina.core.StandardEngine.log - Starting Servlet engine: [Apache Tomcat/10.1.15]
14-10-2024 11:43:12.049 [main] INFO  o.a.c.c.C.[.[localhost].[/notivent].log - Initializing Spring embedded WebApplicationContext
14-10-2024 11:43:12.050 [main] INFO  o.s.b.w.s.c.ServletWebServerApplicationContext.prepareWebApplicationContext - Root WebApplicationContext: initialization completed in 1537 ms
14-10-2024 11:43:12.223 [main] INFO  com.zaxxer.hikari.HikariDataSource.getConnection - HikariPool-1 - Starting...
14-10-2024 11:43:12.549 [main] INFO  com.zaxxer.hikari.pool.HikariPool.checkFailFast - HikariPool-1 - Added connection org.postgresql.jdbc.PgConnection@56a05324
14-10-2024 11:43:12.550 [main] INFO  com.zaxxer.hikari.HikariDataSource.getConnection - HikariPool-1 - Start completed.
14-10-2024 11:43:13.698 [main] INFO  liquibase.changelog.log - Reading from public.databasechangelog
14-10-2024 11:43:13.778 [main] INFO  liquibase.changelog.log - Reading from public.databasechangelog
14-10-2024 11:43:13.788 [main] INFO  liquibase.util.log - UPDATE SUMMARY
14-10-2024 11:43:13.788 [main] INFO  liquibase.util.log - Run:                          0
14-10-2024 11:43:13.788 [main] INFO  liquibase.util.log - Previously run:              25
14-10-2024 11:43:13.789 [main] INFO  liquibase.util.log - Filtered out:                 0
14-10-2024 11:43:13.789 [main] INFO  liquibase.util.log - -------------------------------
14-10-2024 11:43:13.789 [main] INFO  liquibase.util.log - Total change sets:           25
14-10-2024 11:43:13.789 [main] INFO  liquibase.util.log - Update summary generated
14-10-2024 11:43:13.807 [main] INFO  liquibase.lockservice.log - Successfully released change log lock
14-10-2024 11:43:13.809 [main] INFO  liquibase.command.log - Command execution complete
14-10-2024 11:43:14.023 [main] DEBUG o.s.w.f.CommonsRequestLoggingFilter.init - Filter 'logFilter' configured for use
14-10-2024 11:43:14.282 [main] WARN  o.s.b.a.s.s.UserDetailsServiceAutoConfiguration.getOrDeducePassword - 

Using generated security password: 8c99508a-033d-4b7c-9655-8fb4f561c89a

This generated password is for development use only. Your security configuration must be updated before running your application in production.

14-10-2024 11:43:14.382 [main] INFO  o.s.s.web.DefaultSecurityFilterChain.<init> - Will secure any request with [org.springframework.security.web.session.DisableEncodeUrlFilter@6e71c9dc, org.springframework.security.web.context.request.async.WebAsyncManagerIntegrationFilter@31d4c6c9, org.springframework.security.web.context.SecurityContextHolderFilter@35eba4d8, org.springframework.security.web.header.HeaderWriterFilter@1a2867c5, org.springframework.security.web.authentication.logout.LogoutFilter@28ca612d, ru.notivent.configuration.SecurityFilter@542a0f90, org.springframework.security.web.savedrequest.RequestCacheAwareFilter@496e5047, org.springframework.security.web.servletapi.SecurityContextHolderAwareRequestFilter@2b71c393, org.springframework.security.web.authentication.AnonymousAuthenticationFilter@7fe14f94, org.springframework.security.web.access.ExceptionTranslationFilter@5f089575, org.springframework.security.web.access.intercept.AuthorizationFilter@247f60a3]
14-10-2024 11:43:14.876 [main] INFO  o.a.coyote.http11.Http11NioProtocol.log - Starting ProtocolHandler ["http-nio-8010"]
14-10-2024 11:43:14.891 [main] INFO  o.s.b.w.e.tomcat.TomcatWebServer.start - Tomcat started on port(s): 8010 (http) with context path '/notivent'
14-10-2024 11:43:14.959 [main] INFO  o.s.b.w.e.tomcat.TomcatWebServer.initialize - Tomcat initialized with port(s): 6150 (http)
14-10-2024 11:43:14.959 [main] INFO  o.a.coyote.http11.Http11NioProtocol.log - Initializing ProtocolHandler ["http-nio-6150"]
14-10-2024 11:43:14.960 [main] INFO  o.a.catalina.core.StandardService.log - Starting service [Tomcat]
14-10-2024 11:43:14.960 [main] INFO  o.a.catalina.core.StandardEngine.log - Starting Servlet engine: [Apache Tomcat/10.1.15]
14-10-2024 11:43:14.982 [main] INFO  o.a.c.c.C.[Tomcat-1].[localhost].[/].log - Initializing Spring embedded WebApplicationContext
14-10-2024 11:43:14.982 [main] INFO  o.s.b.w.s.c.ServletWebServerApplicationContext.prepareWebApplicationContext - Root WebApplicationContext: initialization completed in 88 ms
14-10-2024 11:43:14.996 [main] INFO  o.s.b.a.e.web.EndpointLinksResolver.<init> - Exposing 1 endpoint(s) beneath base path '/actuator'
14-10-2024 11:43:15.024 [main] INFO  o.a.coyote.http11.Http11NioProtocol.log - Starting ProtocolHandler ["http-nio-6150"]
14-10-2024 11:43:15.027 [main] INFO  o.s.b.w.e.tomcat.TomcatWebServer.start - Tomcat started on port(s): 6150 (http) with context path ''
14-10-2024 11:43:15.037 [main] INFO  ru.notivent.NotiventApp.logStarted - Started NotiventApp in 5.105 seconds (process running for 5.648)
14-10-2024 11:44:09.056 [http-nio-8010-exec-1] INFO  o.a.c.c.C.[.[localhost].[/notivent].log - Initializing Spring DispatcherServlet 'dispatcherServlet'
14-10-2024 11:44:09.056 [http-nio-8010-exec-1] INFO  o.s.web.servlet.DispatcherServlet.initServletBean - Initializing Servlet 'dispatcherServlet'
14-10-2024 11:44:09.057 [http-nio-8010-exec-1] INFO  o.s.web.servlet.DispatcherServlet.initServletBean - Completed initialization in 1 ms
14-10-2024 11:44:09.063 [http-nio-8010-exec-1] INFO  r.notivent.logs.RequestCachingFilter.doFilterInternal - REQUEST DATA: 
14-10-2024 11:44:09.110 [http-nio-8010-exec-1] DEBUG o.s.w.f.CommonsRequestLoggingFilter.beforeRequest - Before request [GET /notivent/endpoint/get/all]
14-10-2024 11:44:09.206 [http-nio-8010-exec-1] DEBUG o.s.w.f.CommonsRequestLoggingFilter.afterRequest - REQUEST DATA: GET /notivent/endpoint/get/all]
14-10-2024 11:44:09.232 [http-nio-8010-exec-3] INFO  r.notivent.logs.RequestCachingFilter.doFilterInternal - REQUEST DATA: 
14-10-2024 11:44:09.245 [http-nio-8010-exec-3] DEBUG o.s.w.f.CommonsRequestLoggingFilter.beforeRequest - Before request [GET /notivent/notification]
14-10-2024 11:44:09.261 [http-nio-8010-exec-3] DEBUG o.s.w.f.CommonsRequestLoggingFilter.afterRequest - REQUEST DATA: GET /notivent/notification]
14-10-2024 11:44:09.528 [http-nio-8010-exec-2] INFO  r.notivent.logs.RequestCachingFilter.doFilterInternal - REQUEST DATA: {"latitude":37.421998333333335,"longitude":-122.084}
14-10-2024 11:44:09.531 [http-nio-8010-exec-2] DEBUG o.s.w.f.CommonsRequestLoggingFilter.beforeRequest - Before request [POST /notivent/geopoint/getAll]
14-10-2024 11:44:09.813 [http-nio-8010-exec-2] DEBUG o.s.w.f.CommonsRequestLoggingFilter.afterRequest - REQUEST DATA: POST /notivent/geopoint/getAll, payload={"latitude":37.421998333333335,"longitude":-122.084}]
14-10-2024 11:44:16.174 [http-nio-8010-exec-5] INFO  r.notivent.logs.RequestCachingFilter.doFilterInternal - REQUEST DATA: null
14-10-2024 11:44:16.177 [http-nio-8010-exec-5] DEBUG o.s.w.f.CommonsRequestLoggingFilter.beforeRequest - Before request [POST /notivent/geopoint/75f16c07-cfad-425f-80bc-a0906045b77b/belonguser]
14-10-2024 11:44:16.182 [http-nio-8010-exec-5] DEBUG o.s.w.f.CommonsRequestLoggingFilter.afterRequest - REQUEST DATA: POST /notivent/geopoint/75f16c07-cfad-425f-80bc-a0906045b77b/belonguser]
14-10-2024 11:44:43.476 [http-nio-8010-exec-8] INFO  r.notivent.logs.RequestCachingFilter.doFilterInternal - REQUEST DATA: 
14-10-2024 11:44:43.478 [http-nio-8010-exec-8] DEBUG o.s.w.f.CommonsRequestLoggingFilter.beforeRequest - Before request [GET /notivent/endpoint/get/all]
14-10-2024 11:44:43.481 [http-nio-8010-exec-8] DEBUG o.s.w.f.CommonsRequestLoggingFilter.afterRequest - REQUEST DATA: GET /notivent/endpoint/get/all]
14-10-2024 11:44:43.506 [http-nio-8010-exec-7] INFO  r.notivent.logs.RequestCachingFilter.doFilterInternal - REQUEST DATA: 
14-10-2024 11:44:43.510 [http-nio-8010-exec-7] DEBUG o.s.w.f.CommonsRequestLoggingFilter.beforeRequest - Before request [GET /notivent/notification]
14-10-2024 11:44:43.512 [http-nio-8010-exec-7] DEBUG o.s.w.f.CommonsRequestLoggingFilter.afterRequest - REQUEST DATA: GET /notivent/notification]
14-10-2024 11:44:43.725 [http-nio-8010-exec-6] INFO  r.notivent.logs.RequestCachingFilter.doFilterInternal - REQUEST DATA: {"latitude":37.421998333333335,"longitude":-122.084}
14-10-2024 11:44:43.728 [http-nio-8010-exec-6] DEBUG o.s.w.f.CommonsRequestLoggingFilter.beforeRequest - Before request [POST /notivent/geopoint/getAll]
14-10-2024 11:44:43.734 [http-nio-8010-exec-6] DEBUG o.s.w.f.CommonsRequestLoggingFilter.afterRequest - REQUEST DATA: POST /notivent/geopoint/getAll, payload={"latitude":37.421998333333335,"longitude":-122.084}]
14-10-2024 11:44:45.753 [http-nio-8010-exec-9] INFO  r.notivent.logs.RequestCachingFilter.doFilterInternal - REQUEST DATA: null
14-10-2024 11:44:45.756 [http-nio-8010-exec-9] DEBUG o.s.w.f.CommonsRequestLoggingFilter.beforeRequest - Before request [POST /notivent/geopoint/75f16c07-cfad-425f-80bc-a0906045b77b/belonguser]
14-10-2024 11:44:45.758 [http-nio-8010-exec-9] DEBUG o.s.w.f.CommonsRequestLoggingFilter.afterRequest - REQUEST DATA: POST /notivent/geopoint/75f16c07-cfad-425f-80bc-a0906045b77b/belonguser]
14-10-2024 11:46:11.458 [http-nio-8010-exec-1] INFO  r.notivent.logs.RequestCachingFilter.doFilterInternal - REQUEST DATA: 
14-10-2024 11:46:11.459 [http-nio-8010-exec-1] DEBUG o.s.w.f.CommonsRequestLoggingFilter.beforeRequest - Before request [GET /notivent/endpoint/get/all]
14-10-2024 11:46:11.462 [http-nio-8010-exec-1] DEBUG o.s.w.f.CommonsRequestLoggingFilter.afterRequest - REQUEST DATA: GET /notivent/endpoint/get/all]
14-10-2024 11:46:11.483 [http-nio-8010-exec-3] INFO  r.notivent.logs.RequestCachingFilter.doFilterInternal - REQUEST DATA: 
14-10-2024 11:46:11.485 [http-nio-8010-exec-3] DEBUG o.s.w.f.CommonsRequestLoggingFilter.beforeRequest - Before request [GET /notivent/notification]
14-10-2024 11:46:11.488 [http-nio-8010-exec-3] DEBUG o.s.w.f.CommonsRequestLoggingFilter.afterRequest - REQUEST DATA: GET /notivent/notification]
14-10-2024 11:46:11.676 [http-nio-8010-exec-2] INFO  r.notivent.logs.RequestCachingFilter.doFilterInternal - REQUEST DATA: {"latitude":37.421998333333335,"longitude":-122.084}
14-10-2024 11:46:11.680 [http-nio-8010-exec-2] DEBUG o.s.w.f.CommonsRequestLoggingFilter.beforeRequest - Before request [POST /notivent/geopoint/getAll]
14-10-2024 11:46:11.688 [http-nio-8010-exec-2] DEBUG o.s.w.f.CommonsRequestLoggingFilter.afterRequest - REQUEST DATA: POST /notivent/geopoint/getAll, payload={"latitude":37.421998333333335,"longitude":-122.084}]
14-10-2024 11:46:15.190 [http-nio-8010-exec-5] INFO  r.notivent.logs.RequestCachingFilter.doFilterInternal - REQUEST DATA: null
14-10-2024 11:46:15.192 [http-nio-8010-exec-5] DEBUG o.s.w.f.CommonsRequestLoggingFilter.beforeRequest - Before request [POST /notivent/geopoint/75f16c07-cfad-425f-80bc-a0906045b77b/belonguser]
14-10-2024 11:46:15.195 [http-nio-8010-exec-5] DEBUG o.s.w.f.CommonsRequestLoggingFilter.afterRequest - REQUEST DATA: POST /notivent/geopoint/75f16c07-cfad-425f-80bc-a0906045b77b/belonguser]
14-10-2024 11:55:20.845 [http-nio-8010-exec-8] INFO  r.notivent.logs.RequestCachingFilter.doFilterInternal - REQUEST DATA: 
14-10-2024 11:55:20.846 [http-nio-8010-exec-8] DEBUG o.s.w.f.CommonsRequestLoggingFilter.beforeRequest - Before request [GET /notivent/endpoint/get/all]
14-10-2024 11:55:20.850 [http-nio-8010-exec-8] DEBUG o.s.w.f.CommonsRequestLoggingFilter.afterRequest - REQUEST DATA: GET /notivent/endpoint/get/all]
14-10-2024 11:55:20.871 [http-nio-8010-exec-7] INFO  r.notivent.logs.RequestCachingFilter.doFilterInternal - REQUEST DATA: 
14-10-2024 11:55:20.873 [http-nio-8010-exec-7] DEBUG o.s.w.f.CommonsRequestLoggingFilter.beforeRequest - Before request [GET /notivent/notification]
14-10-2024 11:55:20.875 [http-nio-8010-exec-7] DEBUG o.s.w.f.CommonsRequestLoggingFilter.afterRequest - REQUEST DATA: GET /notivent/notification]
14-10-2024 11:55:21.061 [http-nio-8010-exec-6] INFO  r.notivent.logs.RequestCachingFilter.doFilterInternal - REQUEST DATA: {"latitude":37.421998333333335,"longitude":-122.084}
14-10-2024 11:55:21.064 [http-nio-8010-exec-6] DEBUG o.s.w.f.CommonsRequestLoggingFilter.beforeRequest - Before request [POST /notivent/geopoint/getAll]
14-10-2024 11:55:21.070 [http-nio-8010-exec-6] DEBUG o.s.w.f.CommonsRequestLoggingFilter.afterRequest - REQUEST DATA: POST /notivent/geopoint/getAll, payload={"latitude":37.421998333333335,"longitude":-122.084}]
14-10-2024 11:55:27.108 [http-nio-8010-exec-9] INFO  r.notivent.logs.RequestCachingFilter.doFilterInternal - REQUEST DATA: null
14-10-2024 11:55:27.110 [http-nio-8010-exec-9] DEBUG o.s.w.f.CommonsRequestLoggingFilter.beforeRequest - Before request [POST /notivent/geopoint/75f16c07-cfad-425f-80bc-a0906045b77b/belonguser]
14-10-2024 11:55:27.112 [http-nio-8010-exec-9] DEBUG o.s.w.f.CommonsRequestLoggingFilter.afterRequest - REQUEST DATA: POST /notivent/geopoint/75f16c07-cfad-425f-80bc-a0906045b77b/belonguser]
14-10-2024 11:56:15.798 [http-nio-8010-exec-1] INFO  r.notivent.logs.RequestCachingFilter.doFilterInternal - REQUEST DATA: 
14-10-2024 11:56:15.799 [http-nio-8010-exec-1] DEBUG o.s.w.f.CommonsRequestLoggingFilter.beforeRequest - Before request [GET /notivent/endpoint/get/all]
14-10-2024 11:56:15.802 [http-nio-8010-exec-1] DEBUG o.s.w.f.CommonsRequestLoggingFilter.afterRequest - REQUEST DATA: GET /notivent/endpoint/get/all]
14-10-2024 11:56:15.824 [http-nio-8010-exec-3] INFO  r.notivent.logs.RequestCachingFilter.doFilterInternal - REQUEST DATA: 
14-10-2024 11:56:15.826 [http-nio-8010-exec-3] DEBUG o.s.w.f.CommonsRequestLoggingFilter.beforeRequest - Before request [GET /notivent/notification]
14-10-2024 11:56:15.827 [http-nio-8010-exec-3] DEBUG o.s.w.f.CommonsRequestLoggingFilter.afterRequest - REQUEST DATA: GET /notivent/notification]
14-10-2024 11:56:16.002 [http-nio-8010-exec-2] INFO  r.notivent.logs.RequestCachingFilter.doFilterInternal - REQUEST DATA: {"latitude":37.421998333333335,"longitude":-122.084}
14-10-2024 11:56:16.004 [http-nio-8010-exec-2] DEBUG o.s.w.f.CommonsRequestLoggingFilter.beforeRequest - Before request [POST /notivent/geopoint/getAll]
14-10-2024 11:56:16.009 [http-nio-8010-exec-2] DEBUG o.s.w.f.CommonsRequestLoggingFilter.afterRequest - REQUEST DATA: POST /notivent/geopoint/getAll, payload={"latitude":37.421998333333335,"longitude":-122.084}]
14-10-2024 11:56:18.153 [http-nio-8010-exec-5] INFO  r.notivent.logs.RequestCachingFilter.doFilterInternal - REQUEST DATA: null
14-10-2024 11:56:18.155 [http-nio-8010-exec-5] DEBUG o.s.w.f.CommonsRequestLoggingFilter.beforeRequest - Before request [POST /notivent/geopoint/75f16c07-cfad-425f-80bc-a0906045b77b/belonguser]
14-10-2024 11:56:18.158 [http-nio-8010-exec-5] DEBUG o.s.w.f.CommonsRequestLoggingFilter.afterRequest - REQUEST DATA: POST /notivent/geopoint/75f16c07-cfad-425f-80bc-a0906045b77b/belonguser]
14-10-2024 11:56:46.024 [http-nio-8010-exec-4] INFO  r.notivent.logs.RequestCachingFilter.doFilterInternal - REQUEST DATA: null
14-10-2024 11:56:46.026 [http-nio-8010-exec-4] DEBUG o.s.w.f.CommonsRequestLoggingFilter.beforeRequest - Before request [POST /notivent/geopoint/75f16c07-cfad-425f-80bc-a0906045b77b/belonguser]
14-10-2024 11:56:46.029 [http-nio-8010-exec-4] DEBUG o.s.w.f.CommonsRequestLoggingFilter.afterRequest - REQUEST DATA: POST /notivent/geopoint/75f16c07-cfad-425f-80bc-a0906045b77b/belonguser]
14-10-2024 12:08:38.955 [SpringApplicationShutdownHook] INFO  com.zaxxer.hikari.HikariDataSource.close - HikariPool-1 - Shutdown initiated...
14-10-2024 12:08:38.957 [SpringApplicationShutdownHook] INFO  com.zaxxer.hikari.HikariDataSource.close - HikariPool-1 - Shutdown completed.
14-10-2024 12:10:37.241 [background-preinit] INFO  o.h.validator.internal.util.Version.<clinit> - HV000001: Hibernate Validator 8.0.1.Final
14-10-2024 12:10:37.266 [main] INFO  r.n.s.AuthenticationServiceTest.logStarting - Starting AuthenticationServiceTest using Java 17.0.8 with PID 19716 (started by 1 in C:\Users\1\IdeaProjects\notivent)
14-10-2024 12:10:37.267 [main] INFO  r.n.s.AuthenticationServiceTest.logStartupProfileInfo - The following 1 profile is active: "test"
14-10-2024 12:10:38.351 [main] INFO  o.s.c.s.PostProcessorRegistrationDelegate$BeanPostProcessorChecker.postProcessAfterInitialization - Bean 'myBatisConfiguration' of type [ru.notivent.configuration.MyBatisConfiguration$$SpringCGLIB$$0] is not eligible for getting processed by all BeanPostProcessors (for example: not eligible for auto-proxying)
14-10-2024 12:10:38.380 [main] INFO  o.s.c.s.PostProcessorRegistrationDelegate$BeanPostProcessorChecker.postProcessAfterInitialization - Bean 'dataSource' of type [com.zaxxer.hikari.HikariDataSource] is not eligible for getting processed by all BeanPostProcessors (for example: not eligible for auto-proxying)
14-10-2024 12:10:38.384 [main] INFO  o.s.c.s.PostProcessorRegistrationDelegate$BeanPostProcessorChecker.postProcessAfterInitialization - Bean 'transactionManager' of type [org.springframework.jdbc.datasource.DataSourceTransactionManager] is not eligible for getting processed by all BeanPostProcessors (for example: not eligible for auto-proxying)
14-10-2024 12:10:38.926 [main] WARN  o.s.b.a.s.s.UserDetailsServiceAutoConfiguration.getOrDeducePassword - 

Using generated security password: 068c2e77-47d8-41fe-814a-2f0e0561457a

This generated password is for development use only. Your security configuration must be updated before running your application in production.

14-10-2024 12:10:39.139 [main] INFO  o.s.s.web.DefaultSecurityFilterChain.<init> - Will secure any request with [org.springframework.security.web.session.DisableEncodeUrlFilter@2e19b30, org.springframework.security.web.context.request.async.WebAsyncManagerIntegrationFilter@7b7e4b20, org.springframework.security.web.context.SecurityContextHolderFilter@18887028, org.springframework.security.web.header.HeaderWriterFilter@69ab2d6a, org.springframework.security.web.authentication.logout.LogoutFilter@3d8bd881, ru.notivent.configuration.SecurityFilter@5ac0bf84, org.springframework.security.web.savedrequest.RequestCacheAwareFilter@2c0a3826, org.springframework.security.web.servletapi.SecurityContextHolderAwareRequestFilter@4cacccbf, org.springframework.security.web.authentication.AnonymousAuthenticationFilter@6fefc5ea, org.springframework.security.web.access.ExceptionTranslationFilter@45f8415b, org.springframework.security.web.access.intercept.AuthorizationFilter@76d1f6ea]
14-10-2024 12:10:39.801 [main] INFO  r.n.s.AuthenticationServiceTest.logStarted - Started AuthenticationServiceTest in 2.888 seconds (process running for 8.141)
14-10-2024 12:10:40.563 [main] INFO  com.zaxxer.hikari.HikariDataSource.getConnection - HikariPool-1 - Starting...
14-10-2024 12:10:40.585 [main] INFO  tc.postgis/postgis:16-3.4.resolve - Pulling docker image: postgis/postgis:16-3.4. Please be patient; this may take some time but only needs to be done once.
14-10-2024 12:10:42.655 [docker-java-stream-1778585496] INFO  tc.postgis/postgis:16-3.4.onStart - Starting to pull image
14-10-2024 12:10:42.668 [docker-java-stream-1778585496] INFO  tc.postgis/postgis:16-3.4.onNext - Pulling image layers:  0 pending,  0 downloaded,  0 extracted, (0 bytes/0 bytes)
14-10-2024 12:10:43.401 [docker-java-stream-1778585496] INFO  tc.postgis/postgis:16-3.4.onNext - Pulling image layers: 17 pending,  1 downloaded,  0 extracted, (43 KB/? MB)
14-10-2024 12:10:43.716 [docker-java-stream-1778585496] INFO  tc.postgis/postgis:16-3.4.onNext - Pulling image layers: 16 pending,  2 downloaded,  0 extracted, (3 MB/? MB)
14-10-2024 12:10:46.729 [docker-java-stream-1778585496] INFO  tc.postgis/postgis:16-3.4.onNext - Pulling image layers: 15 pending,  3 downloaded,  0 extracted, (32 MB/? MB)
14-10-2024 12:10:46.792 [docker-java-stream-1778585496] INFO  tc.postgis/postgis:16-3.4.onNext - Pulling image layers: 14 pending,  4 downloaded,  0 extracted, (34 MB/? MB)
14-10-2024 12:10:47.491 [docker-java-stream-1778585496] INFO  tc.postgis/postgis:16-3.4.onNext - Pulling image layers: 13 pending,  5 downloaded,  0 extracted, (36 MB/? MB)
14-10-2024 12:10:47.718 [docker-java-stream-1778585496] INFO  tc.postgis/postgis:16-3.4.onNext - Pulling image layers: 12 pending,  6 downloaded,  0 extracted, (37 MB/? MB)
14-10-2024 12:10:48.061 [docker-java-stream-1778585496] INFO  tc.postgis/postgis:16-3.4.onNext - Pulling image layers: 12 pending,  6 downloaded,  1 extracted, (39 MB/? MB)
14-10-2024 12:10:48.081 [docker-java-stream-1778585496] INFO  tc.postgis/postgis:16-3.4.onNext - Pulling image layers: 12 pending,  6 downloaded,  2 extracted, (39 MB/? MB)
14-10-2024 12:10:48.112 [docker-java-stream-1778585496] INFO  tc.postgis/postgis:16-3.4.onNext - Pulling image layers: 11 pending,  7 downloaded,  2 extracted, (40 MB/? MB)
14-10-2024 12:10:48.196 [docker-java-stream-1778585496] INFO  tc.postgis/postgis:16-3.4.onNext - Pulling image layers: 11 pending,  7 downloaded,  3 extracted, (41 MB/? MB)
14-10-2024 12:10:48.237 [docker-java-stream-1778585496] INFO  tc.postgis/postgis:16-3.4.onNext - Pulling image layers: 11 pending,  7 downloaded,  4 extracted, (41 MB/? MB)
14-10-2024 12:10:48.537 [docker-java-stream-1778585496] INFO  tc.postgis/postgis:16-3.4.onNext - Pulling image layers: 10 pending,  8 downloaded,  4 extracted, (43 MB/? MB)
14-10-2024 12:10:48.776 [docker-java-stream-1778585496] INFO  tc.postgis/postgis:16-3.4.onNext - Pulling image layers:  9 pending,  9 downloaded,  4 extracted, (44 MB/? MB)
14-10-2024 12:10:48.808 [docker-java-stream-1778585496] INFO  tc.postgis/postgis:16-3.4.onNext - Pulling image layers:  9 pending,  9 downloaded,  5 extracted, (45 MB/? MB)
14-10-2024 12:10:48.856 [docker-java-stream-1778585496] INFO  tc.postgis/postgis:16-3.4.onNext - Pulling image layers:  9 pending,  9 downloaded,  6 extracted, (45 MB/? MB)
14-10-2024 12:10:48.870 [docker-java-stream-1778585496] INFO  tc.postgis/postgis:16-3.4.onNext - Pulling image layers:  9 pending,  9 downloaded,  7 extracted, (45 MB/? MB)
14-10-2024 12:10:48.885 [docker-java-stream-1778585496] INFO  tc.postgis/postgis:16-3.4.onNext - Pulling image layers:  9 pending,  9 downloaded,  8 extracted, (45 MB/? MB)
14-10-2024 12:10:49.820 [docker-java-stream-1778585496] INFO  tc.postgis/postgis:16-3.4.onNext - Pulling image layers:  8 pending, 10 downloaded,  8 extracted, (56 MB/? MB)
14-10-2024 12:10:50.361 [docker-java-stream-1778585496] INFO  tc.postgis/postgis:16-3.4.onNext - Pulling image layers:  7 pending, 11 downloaded,  8 extracted, (62 MB/? MB)
14-10-2024 12:10:51.395 [docker-java-stream-1778585496] INFO  tc.postgis/postgis:16-3.4.onNext - Pulling image layers:  6 pending, 12 downloaded,  8 extracted, (72 MB/? MB)
14-10-2024 12:10:53.869 [docker-java-stream-1778585496] INFO  tc.postgis/postgis:16-3.4.onNext - Pulling image layers:  5 pending, 13 downloaded,  8 extracted, (100 MB/? MB)
14-10-2024 12:10:54.619 [docker-java-stream-1778585496] INFO  tc.postgis/postgis:16-3.4.onNext - Pulling image layers:  4 pending, 14 downloaded,  8 extracted, (108 MB/? MB)
14-10-2024 12:10:56.931 [docker-java-stream-1778585496] INFO  tc.postgis/postgis:16-3.4.onNext - Pulling image layers:  3 pending, 15 downloaded,  8 extracted, (136 MB/? MB)
14-10-2024 12:10:57.763 [docker-java-stream-1778585496] INFO  tc.postgis/postgis:16-3.4.onNext - Pulling image layers:  2 pending, 16 downloaded,  8 extracted, (144 MB/? MB)
14-10-2024 12:10:58.556 [docker-java-stream-1778585496] INFO  tc.postgis/postgis:16-3.4.onNext - Pulling image layers:  1 pending, 17 downloaded,  8 extracted, (146 MB/? MB)
14-10-2024 12:11:00.378 [docker-java-stream-1778585496] INFO  tc.postgis/postgis:16-3.4.onNext - Pulling image layers:  1 pending, 17 downloaded,  9 extracted, (163 MB/? MB)
14-10-2024 12:11:00.405 [docker-java-stream-1778585496] INFO  tc.postgis/postgis:16-3.4.onNext - Pulling image layers:  1 pending, 17 downloaded, 10 extracted, (165 MB/? MB)
14-10-2024 12:11:00.424 [docker-java-stream-1778585496] INFO  tc.postgis/postgis:16-3.4.onNext - Pulling image layers:  1 pending, 17 downloaded, 11 extracted, (165 MB/? MB)
14-10-2024 12:11:00.441 [docker-java-stream-1778585496] INFO  tc.postgis/postgis:16-3.4.onNext - Pulling image layers:  1 pending, 17 downloaded, 12 extracted, (165 MB/? MB)
14-10-2024 12:11:00.459 [docker-java-stream-1778585496] INFO  tc.postgis/postgis:16-3.4.onNext - Pulling image layers:  1 pending, 17 downloaded, 13 extracted, (165 MB/? MB)
14-10-2024 12:11:00.476 [docker-java-stream-1778585496] INFO  tc.postgis/postgis:16-3.4.onNext - Pulling image layers:  1 pending, 17 downloaded, 14 extracted, (165 MB/? MB)
14-10-2024 12:11:03.893 [docker-java-stream-1778585496] INFO  tc.postgis/postgis:16-3.4.onNext - Pulling image layers:  0 pending, 18 downloaded, 14 extracted, (201 MB/202 MB)
14-10-2024 12:11:05.465 [docker-java-stream-1778585496] INFO  tc.postgis/postgis:16-3.4.onNext - Pulling image layers:  0 pending, 18 downloaded, 15 extracted, (202 MB/202 MB)
14-10-2024 12:11:05.492 [docker-java-stream-1778585496] INFO  tc.postgis/postgis:16-3.4.onNext - Pulling image layers:  0 pending, 18 downloaded, 16 extracted, (202 MB/202 MB)
14-10-2024 12:11:05.514 [docker-java-stream-1778585496] INFO  tc.postgis/postgis:16-3.4.onNext - Pulling image layers:  0 pending, 18 downloaded, 17 extracted, (202 MB/202 MB)
14-10-2024 12:11:05.528 [docker-java-stream-1778585496] INFO  tc.postgis/postgis:16-3.4.onNext - Pulling image layers:  0 pending, 18 downloaded, 18 extracted, (202 MB/202 MB)
14-10-2024 12:11:05.542 [docker-java-stream-1778585496] INFO  tc.postgis/postgis:16-3.4.onComplete - Pull complete. 18 layers, pulled in 22s (downloaded 202 MB at 9 MB/s)
14-10-2024 12:11:05.548 [main] INFO  tc.postgis/postgis:16-3.4.tryStart - Creating container for image: postgis/postgis:16-3.4
14-10-2024 12:11:06.123 [main] INFO  tc.postgis/postgis:16-3.4.tryStart - Container postgis/postgis:16-3.4 is starting: eaf411359a95ae66c8e96ce6491915b4e72a8719171c79651e206b07cc1a9a21
14-10-2024 12:11:11.090 [main] INFO  tc.postgis/postgis:16-3.4.tryStart - Container postgis/postgis:16-3.4 started in PT30.5138317S
14-10-2024 12:11:11.092 [main] INFO  tc.postgis/postgis:16-3.4.containerIsStarted - Container is started (JDBC URL: jdbc:postgresql://localhost:55249/test?loggerLevel=OFF)
14-10-2024 12:11:11.387 [main] INFO  org.testcontainers.ext.ScriptUtils.executeDatabaseScript - Executing database script from sql/dbInitTest.sql
14-10-2024 12:11:11.532 [main] INFO  org.testcontainers.ext.ScriptUtils.executeDatabaseScript - Executed database script from sql/dbInitTest.sql in 145 ms.
14-10-2024 12:11:11.550 [main] INFO  com.zaxxer.hikari.pool.HikariPool.checkFailFast - HikariPool-1 - Added connection org.testcontainers.jdbc.ConnectionWrapper@1fb379e4
14-10-2024 12:11:11.555 [main] INFO  com.zaxxer.hikari.HikariDataSource.getConnection - HikariPool-1 - Start completed.
14-10-2024 12:11:31.467 [main] INFO  o.s.t.c.s.AnnotationConfigContextLoaderUtils.detectDefaultConfigurationClasses - Could not detect default configuration classes for test class [ru.notivent.service.CommentServiceTest]: CommentServiceTest does not declare any static, non-private, non-final, nested classes annotated with @Configuration.
14-10-2024 12:11:31.472 [main] INFO  o.s.b.t.c.SpringBootTestContextBootstrapper.getOrFindConfigurationClasses - Found @SpringBootConfiguration ru.notivent.NotiventApp for test class ru.notivent.service.CommentServiceTest
14-10-2024 12:11:31.477 [main] INFO  tc.postgis/postgis:16-3.4-alpine.tryStart - Creating container for image: postgis/postgis:16-3.4-alpine
14-10-2024 12:11:31.711 [main] INFO  tc.postgis/postgis:16-3.4-alpine.tryStart - Container postgis/postgis:16-3.4-alpine is starting: cd1739c4db9cb1071aee2908a32c2041719e8cbae61d7b2edfdf514156bd143f
14-10-2024 12:11:36.056 [main] INFO  tc.postgis/postgis:16-3.4-alpine.tryStart - Container postgis/postgis:16-3.4-alpine started in PT4.5803417S
14-10-2024 12:11:36.057 [main] INFO  tc.postgis/postgis:16-3.4-alpine.containerIsStarted - Container is started (JDBC URL: jdbc:postgresql://localhost:55280/notivent?loggerLevel=OFF)
14-10-2024 12:11:36.528 [main] INFO  o.s.t.c.s.AnnotationConfigContextLoaderUtils.detectDefaultConfigurationClasses - Could not detect default configuration classes for test class [ru.notivent.service.GeoPointServiceTest]: GeoPointServiceTest does not declare any static, non-private, non-final, nested classes annotated with @Configuration.
14-10-2024 12:11:36.530 [main] INFO  o.s.b.t.c.SpringBootTestContextBootstrapper.getOrFindConfigurationClasses - Found @SpringBootConfiguration ru.notivent.NotiventApp for test class ru.notivent.service.GeoPointServiceTest
14-10-2024 12:11:36.532 [main] INFO  tc.postgis/postgis:16-3.4-alpine.tryStart - Creating container for image: postgis/postgis:16-3.4-alpine
14-10-2024 12:11:36.568 [main] INFO  tc.postgis/postgis:16-3.4-alpine.tryStart - Container postgis/postgis:16-3.4-alpine is starting: 0ba352144ed609911666a0ef9fb935108df9a7cca5343c2414e47c9514e4b45d
14-10-2024 12:11:41.155 [main] INFO  tc.postgis/postgis:16-3.4-alpine.tryStart - Container postgis/postgis:16-3.4-alpine started in PT4.6227352S
14-10-2024 12:11:41.156 [main] INFO  tc.postgis/postgis:16-3.4-alpine.containerIsStarted - Container is started (JDBC URL: jdbc:postgresql://localhost:55286/notivent?loggerLevel=OFF)
14-10-2024 12:11:42.757 [main] INFO  o.s.t.c.s.AnnotationConfigContextLoaderUtils.detectDefaultConfigurationClasses - Could not detect default configuration classes for test class [ru.notivent.service.PaymentServiceTest]: PaymentServiceTest does not declare any static, non-private, non-final, nested classes annotated with @Configuration.
14-10-2024 12:11:42.759 [main] INFO  o.s.b.t.c.SpringBootTestContextBootstrapper.getOrFindConfigurationClasses - Found @SpringBootConfiguration ru.notivent.NotiventApp for test class ru.notivent.service.PaymentServiceTest
14-10-2024 12:11:42.761 [main] INFO  tc.postgis/postgis:16-3.4-alpine.tryStart - Creating container for image: postgis/postgis:16-3.4-alpine
14-10-2024 12:11:42.859 [main] INFO  tc.postgis/postgis:16-3.4-alpine.tryStart - Container postgis/postgis:16-3.4-alpine is starting: 0bb66f9637a59dc77f315269ab63afc6fcfb61050b69dab7763efd21884ec9c2
14-10-2024 12:11:45.989 [main] INFO  tc.postgis/postgis:16-3.4-alpine.tryStart - Container postgis/postgis:16-3.4-alpine started in PT3.2278314S
14-10-2024 12:11:45.990 [main] INFO  tc.postgis/postgis:16-3.4-alpine.containerIsStarted - Container is started (JDBC URL: jdbc:postgresql://localhost:55289/notivent?loggerLevel=OFF)
14-10-2024 12:11:46.023 [main] ERROR ru.notivent.service.PaymentService.updateOrder - Order 666 not found!
14-10-2024 12:11:46.051 [main] ERROR ru.notivent.service.PaymentService.createOrder - Tariff fa9b4c8b-8e4c-4a62-a5ee-bcf87943c3af not found!
14-10-2024 12:11:47.319 [main] INFO  o.s.t.c.s.AnnotationConfigContextLoaderUtils.detectDefaultConfigurationClasses - Could not detect default configuration classes for test class [ru.notivent.service.yandex.s3.S3ServiceTest]: S3ServiceTest does not declare any static, non-private, non-final, nested classes annotated with @Configuration.
14-10-2024 12:11:47.351 [main] INFO  o.s.b.t.c.SpringBootTestContextBootstrapper.getOrFindConfigurationClasses - Found @SpringBootConfiguration ru.notivent.NotiventApp for test class ru.notivent.service.yandex.s3.S3ServiceTest
14-10-2024 12:11:47.358 [main] INFO  tc.localstack/localstack:0.14.0.resolveHostname - HOSTNAME_EXTERNAL environment variable set to localhost (to match host-routable address for container)
14-10-2024 12:11:47.358 [main] INFO  tc.localstack/localstack:0.14.0.tryStart - Creating container for image: localstack/localstack:0.14.0
14-10-2024 12:11:47.368 [main] INFO  tc.alpine:3.16.resolve - Pulling docker image: alpine:3.16. Please be patient; this may take some time but only needs to be done once.
14-10-2024 12:11:49.324 [docker-java-stream-1037873389] INFO  tc.alpine:3.16.onStart - Starting to pull image
14-10-2024 12:11:49.325 [docker-java-stream-1037873389] INFO  tc.alpine:3.16.onNext - Pulling image layers:  0 pending,  0 downloaded,  0 extracted, (0 bytes/0 bytes)
14-10-2024 12:11:51.048 [docker-java-stream-1037873389] INFO  tc.alpine:3.16.onNext - Pulling image layers:  0 pending,  1 downloaded,  0 extracted, (2 MB/2 MB)
14-10-2024 12:11:51.140 [docker-java-stream-1037873389] INFO  tc.alpine:3.16.onNext - Pulling image layers:  0 pending,  1 downloaded,  1 extracted, (2 MB/2 MB)
14-10-2024 12:11:51.153 [docker-java-stream-1037873389] INFO  tc.alpine:3.16.onComplete - Pull complete. 1 layers, pulled in 1s (downloaded 2 MB at 2 MB/s)
14-10-2024 12:11:51.997 [main] INFO  tc.localstack/localstack:0.14.0.tryStart - Container localstack/localstack:0.14.0 is starting: 342400676e5906a63836ed143aaaa7c38fea07d6e38f423acbb0b4833f30dbb6
14-10-2024 12:11:57.521 [main] INFO  tc.localstack/localstack:0.14.0.tryStart - Container localstack/localstack:0.14.0 started in PT10.1629392S
14-10-2024 12:11:59.085 [SpringApplicationShutdownHook] INFO  com.zaxxer.hikari.HikariDataSource.close - HikariPool-1 - Shutdown initiated...
14-10-2024 12:11:59.535 [SpringApplicationShutdownHook] INFO  com.zaxxer.hikari.HikariDataSource.close - HikariPool-1 - Shutdown completed.
14-10-2024 15:15:35.153 [background-preinit] INFO  o.h.validator.internal.util.Version.<clinit> - HV000001: Hibernate Validator 8.0.1.Final
14-10-2024 15:15:35.191 [main] INFO  ru.notivent.NotiventApp.logStarting - Starting NotiventApp using Java 21 with PID 19984 (C:\Users\1\IdeaProjects\notivent\target\classes started by 1 in C:\Users\1\IdeaProjects\notivent)
14-10-2024 15:15:35.191 [main] INFO  ru.notivent.NotiventApp.logStartupProfileInfo - No active profile set, falling back to 1 default profile: "default"
14-10-2024 15:15:36.279 [main] INFO  o.s.c.s.PostProcessorRegistrationDelegate$BeanPostProcessorChecker.postProcessAfterInitialization - Bean 'myBatisConfiguration' of type [ru.notivent.configuration.MyBatisConfiguration$$SpringCGLIB$$0] is not eligible for getting processed by all BeanPostProcessors (for example: not eligible for auto-proxying)
14-10-2024 15:15:36.317 [main] INFO  o.s.c.s.PostProcessorRegistrationDelegate$BeanPostProcessorChecker.postProcessAfterInitialization - Bean 'dataSource' of type [com.zaxxer.hikari.HikariDataSource] is not eligible for getting processed by all BeanPostProcessors (for example: not eligible for auto-proxying)
14-10-2024 15:15:36.321 [main] INFO  o.s.c.s.PostProcessorRegistrationDelegate$BeanPostProcessorChecker.postProcessAfterInitialization - Bean 'transactionManager' of type [org.springframework.jdbc.datasource.DataSourceTransactionManager] is not eligible for getting processed by all BeanPostProcessors (for example: not eligible for auto-proxying)
14-10-2024 15:15:36.578 [main] INFO  o.s.b.w.e.tomcat.TomcatWebServer.initialize - Tomcat initialized with port(s): 8010 (http)
14-10-2024 15:15:36.584 [main] INFO  o.a.coyote.http11.Http11NioProtocol.log - Initializing ProtocolHandler ["http-nio-8010"]
14-10-2024 15:15:36.585 [main] INFO  o.a.catalina.core.StandardService.log - Starting service [Tomcat]
14-10-2024 15:15:36.585 [main] INFO  o.a.catalina.core.StandardEngine.log - Starting Servlet engine: [Apache Tomcat/10.1.15]
14-10-2024 15:15:36.673 [main] INFO  o.a.c.c.C.[.[localhost].[/notivent].log - Initializing Spring embedded WebApplicationContext
14-10-2024 15:15:36.674 [main] INFO  o.s.b.w.s.c.ServletWebServerApplicationContext.prepareWebApplicationContext - Root WebApplicationContext: initialization completed in 1439 ms
14-10-2024 15:15:36.855 [main] INFO  com.zaxxer.hikari.HikariDataSource.getConnection - HikariPool-1 - Starting...
14-10-2024 15:15:37.042 [main] INFO  com.zaxxer.hikari.pool.HikariPool.checkFailFast - HikariPool-1 - Added connection org.postgresql.jdbc.PgConnection@255d9277
14-10-2024 15:15:37.044 [main] INFO  com.zaxxer.hikari.HikariDataSource.getConnection - HikariPool-1 - Start completed.
14-10-2024 15:15:38.373 [main] INFO  liquibase.changelog.log - Reading from public.databasechangelog
14-10-2024 15:15:38.459 [main] INFO  liquibase.changelog.log - Reading from public.databasechangelog
14-10-2024 15:15:38.470 [main] INFO  liquibase.util.log - UPDATE SUMMARY
14-10-2024 15:15:38.470 [main] INFO  liquibase.util.log - Run:                          0
14-10-2024 15:15:38.470 [main] INFO  liquibase.util.log - Previously run:              25
14-10-2024 15:15:38.470 [main] INFO  liquibase.util.log - Filtered out:                 0
14-10-2024 15:15:38.470 [main] INFO  liquibase.util.log - -------------------------------
14-10-2024 15:15:38.471 [main] INFO  liquibase.util.log - Total change sets:           25
14-10-2024 15:15:38.471 [main] INFO  liquibase.util.log - Update summary generated
14-10-2024 15:15:38.488 [main] INFO  liquibase.lockservice.log - Successfully released change log lock
14-10-2024 15:15:38.489 [main] INFO  liquibase.command.log - Command execution complete
14-10-2024 15:15:38.702 [main] DEBUG o.s.w.f.CommonsRequestLoggingFilter.init - Filter 'logFilter' configured for use
14-10-2024 15:15:38.970 [main] WARN  o.s.b.a.s.s.UserDetailsServiceAutoConfiguration.getOrDeducePassword - 

Using generated security password: 3109ac30-d752-4ac1-ba11-c7bdb63ac136

This generated password is for development use only. Your security configuration must be updated before running your application in production.

14-10-2024 15:15:39.050 [main] INFO  o.s.s.web.DefaultSecurityFilterChain.<init> - Will secure any request with [org.springframework.security.web.session.DisableEncodeUrlFilter@3f5a4a48, org.springframework.security.web.context.request.async.WebAsyncManagerIntegrationFilter@7bbaf6fc, org.springframework.security.web.context.SecurityContextHolderFilter@4626ba1b, org.springframework.security.web.header.HeaderWriterFilter@64cbd552, org.springframework.security.web.authentication.logout.LogoutFilter@1f0cb0b0, ru.notivent.configuration.SecurityFilter@90967b3, org.springframework.security.web.savedrequest.RequestCacheAwareFilter@6ffa30e3, org.springframework.security.web.servletapi.SecurityContextHolderAwareRequestFilter@1d3727b8, org.springframework.security.web.authentication.AnonymousAuthenticationFilter@381eb99, org.springframework.security.web.access.ExceptionTranslationFilter@2c5875be, org.springframework.security.web.access.intercept.AuthorizationFilter@145a0fd0]
14-10-2024 15:15:39.504 [main] INFO  o.a.coyote.http11.Http11NioProtocol.log - Starting ProtocolHandler ["http-nio-8010"]
14-10-2024 15:15:39.519 [main] INFO  o.s.b.w.e.tomcat.TomcatWebServer.start - Tomcat started on port(s): 8010 (http) with context path '/notivent'
14-10-2024 15:15:39.582 [main] INFO  o.s.b.w.e.tomcat.TomcatWebServer.initialize - Tomcat initialized with port(s): 6150 (http)
14-10-2024 15:15:39.583 [main] INFO  o.a.coyote.http11.Http11NioProtocol.log - Initializing ProtocolHandler ["http-nio-6150"]
14-10-2024 15:15:39.583 [main] INFO  o.a.catalina.core.StandardService.log - Starting service [Tomcat]
14-10-2024 15:15:39.583 [main] INFO  o.a.catalina.core.StandardEngine.log - Starting Servlet engine: [Apache Tomcat/10.1.15]
14-10-2024 15:15:39.605 [main] INFO  o.a.c.c.C.[Tomcat-1].[localhost].[/].log - Initializing Spring embedded WebApplicationContext
14-10-2024 15:15:39.605 [main] INFO  o.s.b.w.s.c.ServletWebServerApplicationContext.prepareWebApplicationContext - Root WebApplicationContext: initialization completed in 83 ms
14-10-2024 15:15:39.619 [main] INFO  o.s.b.a.e.web.EndpointLinksResolver.<init> - Exposing 1 endpoint(s) beneath base path '/actuator'
14-10-2024 15:15:39.652 [main] INFO  o.a.coyote.http11.Http11NioProtocol.log - Starting ProtocolHandler ["http-nio-6150"]
14-10-2024 15:15:39.655 [main] INFO  o.s.b.w.e.tomcat.TomcatWebServer.start - Tomcat started on port(s): 6150 (http) with context path ''
14-10-2024 15:15:39.665 [main] INFO  ru.notivent.NotiventApp.logStarted - Started NotiventApp in 4.987 seconds (process running for 5.484)
14-10-2024 15:16:11.957 [http-nio-8010-exec-1] INFO  o.a.c.c.C.[.[localhost].[/notivent].log - Initializing Spring DispatcherServlet 'dispatcherServlet'
14-10-2024 15:16:11.957 [http-nio-8010-exec-1] INFO  o.s.web.servlet.DispatcherServlet.initServletBean - Initializing Servlet 'dispatcherServlet'
14-10-2024 15:16:11.958 [http-nio-8010-exec-1] INFO  o.s.web.servlet.DispatcherServlet.initServletBean - Completed initialization in 1 ms
14-10-2024 15:16:11.964 [http-nio-8010-exec-1] INFO  r.notivent.logs.RequestCachingFilter.doFilterInternal - REQUEST DATA: 
14-10-2024 15:16:11.995 [http-nio-8010-exec-1] DEBUG o.s.w.f.CommonsRequestLoggingFilter.beforeRequest - Before request [GET /notivent/endpoint/get/all]
14-10-2024 15:16:12.080 [http-nio-8010-exec-1] DEBUG o.s.w.f.CommonsRequestLoggingFilter.afterRequest - REQUEST DATA: GET /notivent/endpoint/get/all]
14-10-2024 15:16:12.342 [http-nio-8010-exec-2] INFO  r.notivent.logs.RequestCachingFilter.doFilterInternal - REQUEST DATA: 
14-10-2024 15:16:12.349 [http-nio-8010-exec-2] DEBUG o.s.w.f.CommonsRequestLoggingFilter.beforeRequest - Before request [GET /notivent/notification]
14-10-2024 15:16:12.355 [http-nio-8010-exec-2] DEBUG o.s.w.f.CommonsRequestLoggingFilter.afterRequest - REQUEST DATA: GET /notivent/notification]
14-10-2024 15:16:16.692 [http-nio-8010-exec-3] INFO  r.notivent.logs.RequestCachingFilter.doFilterInternal - REQUEST DATA: {"latitude":37.421998333333335,"longitude":-122.084}
14-10-2024 15:16:16.695 [http-nio-8010-exec-3] DEBUG o.s.w.f.CommonsRequestLoggingFilter.beforeRequest - Before request [POST /notivent/geopoint/getAll]
14-10-2024 15:16:17.015 [http-nio-8010-exec-3] DEBUG o.s.w.f.CommonsRequestLoggingFilter.afterRequest - REQUEST DATA: POST /notivent/geopoint/getAll, payload={"latitude":37.421998333333335,"longitude":-122.084}]
14-10-2024 15:16:25.361 [http-nio-8010-exec-5] INFO  r.notivent.logs.RequestCachingFilter.doFilterInternal - REQUEST DATA: 
14-10-2024 15:16:25.362 [http-nio-8010-exec-5] DEBUG o.s.w.f.CommonsRequestLoggingFilter.beforeRequest - Before request [GET /notivent/endpoint/get/all]
14-10-2024 15:16:25.365 [http-nio-8010-exec-5] DEBUG o.s.w.f.CommonsRequestLoggingFilter.afterRequest - REQUEST DATA: GET /notivent/endpoint/get/all]
14-10-2024 15:16:25.396 [http-nio-8010-exec-6] INFO  r.notivent.logs.RequestCachingFilter.doFilterInternal - REQUEST DATA: 
14-10-2024 15:16:25.397 [http-nio-8010-exec-6] DEBUG o.s.w.f.CommonsRequestLoggingFilter.beforeRequest - Before request [GET /notivent/notification]
14-10-2024 15:16:25.400 [http-nio-8010-exec-6] DEBUG o.s.w.f.CommonsRequestLoggingFilter.afterRequest - REQUEST DATA: GET /notivent/notification]
14-10-2024 15:16:25.643 [http-nio-8010-exec-7] INFO  r.notivent.logs.RequestCachingFilter.doFilterInternal - REQUEST DATA: {"latitude":37.421998333333335,"longitude":-122.084}
14-10-2024 15:16:25.645 [http-nio-8010-exec-7] DEBUG o.s.w.f.CommonsRequestLoggingFilter.beforeRequest - Before request [POST /notivent/geopoint/getAll]
14-10-2024 15:16:25.649 [http-nio-8010-exec-7] DEBUG o.s.w.f.CommonsRequestLoggingFilter.afterRequest - REQUEST DATA: POST /notivent/geopoint/getAll, payload={"latitude":37.421998333333335,"longitude":-122.084}]
14-10-2024 15:16:57.449 [http-nio-8010-exec-8] INFO  r.notivent.logs.RequestCachingFilter.doFilterInternal - REQUEST DATA: {"login":"a3Jvc3Q2OTZAaW5ib3gucnU\u003d\n","password":"MDVLb25yYWQwNS0\u003d\n"}
14-10-2024 15:16:57.451 [http-nio-8010-exec-8] DEBUG o.s.w.f.CommonsRequestLoggingFilter.beforeRequest - Before request [POST /notivent/auth]
14-10-2024 15:17:01.207 [http-nio-8010-exec-8] DEBUG o.s.w.f.CommonsRequestLoggingFilter.afterRequest - REQUEST DATA: POST /notivent/auth, payload={"login":"a3Jvc3Q2OTZAaW5ib3gucnU\u003d\n","password":"MDVLb25yYWQwNS0\u003d\n"}]
14-10-2024 15:17:01.398 [http-nio-8010-exec-9] INFO  r.notivent.logs.RequestCachingFilter.doFilterInternal - REQUEST DATA: 
14-10-2024 15:17:01.401 [http-nio-8010-exec-9] DEBUG o.s.w.f.CommonsRequestLoggingFilter.beforeRequest - Before request [GET /notivent/notification]
14-10-2024 15:17:01.407 [http-nio-8010-exec-9] DEBUG o.s.w.f.CommonsRequestLoggingFilter.afterRequest - REQUEST DATA: GET /notivent/notification]
14-10-2024 15:17:01.462 [http-nio-8010-exec-10] INFO  r.notivent.logs.RequestCachingFilter.doFilterInternal - REQUEST DATA: {"latitude":37.421998333333335,"longitude":-122.084}
14-10-2024 15:17:01.464 [http-nio-8010-exec-10] DEBUG o.s.w.f.CommonsRequestLoggingFilter.beforeRequest - Before request [POST /notivent/geopoint/getAll]
14-10-2024 15:17:01.470 [http-nio-8010-exec-10] DEBUG o.s.w.f.CommonsRequestLoggingFilter.afterRequest - REQUEST DATA: POST /notivent/geopoint/getAll, payload={"latitude":37.421998333333335,"longitude":-122.084}]
14-10-2024 15:17:07.462 [http-nio-8010-exec-1] INFO  r.notivent.logs.RequestCachingFilter.doFilterInternal - REQUEST DATA: 
14-10-2024 15:17:07.465 [http-nio-8010-exec-1] DEBUG o.s.w.f.CommonsRequestLoggingFilter.beforeRequest - Before request [GET /notivent/user/profile]
14-10-2024 15:17:07.471 [http-nio-8010-exec-1] DEBUG o.s.w.f.CommonsRequestLoggingFilter.afterRequest - REQUEST DATA: GET /notivent/user/profile]
14-10-2024 15:17:11.372 [http-nio-8010-exec-2] INFO  r.notivent.logs.RequestCachingFilter.doFilterInternal - REQUEST DATA: 
14-10-2024 15:17:11.374 [http-nio-8010-exec-2] DEBUG o.s.w.f.CommonsRequestLoggingFilter.beforeRequest - Before request [GET /notivent/subscription/check]
14-10-2024 15:17:11.384 [http-nio-8010-exec-2] DEBUG o.s.w.f.CommonsRequestLoggingFilter.afterRequest - REQUEST DATA: GET /notivent/subscription/check]
14-10-2024 15:17:11.468 [http-nio-8010-exec-3] INFO  r.notivent.logs.RequestCachingFilter.doFilterInternal - REQUEST DATA: 
14-10-2024 15:17:11.470 [http-nio-8010-exec-3] DEBUG o.s.w.f.CommonsRequestLoggingFilter.beforeRequest - Before request [GET /notivent/contacts]
14-10-2024 15:17:11.480 [http-nio-8010-exec-3] DEBUG o.s.w.f.CommonsRequestLoggingFilter.afterRequest - REQUEST DATA: GET /notivent/contacts]
14-10-2024 15:17:51.046 [SpringApplicationShutdownHook] INFO  com.zaxxer.hikari.HikariDataSource.close - HikariPool-1 - Shutdown initiated...
14-10-2024 15:17:51.048 [SpringApplicationShutdownHook] INFO  com.zaxxer.hikari.HikariDataSource.close - HikariPool-1 - Shutdown completed.
14-10-2024 15:18:52.717 [background-preinit] INFO  o.h.validator.internal.util.Version.<clinit> - HV000001: Hibernate Validator 8.0.1.Final
14-10-2024 15:18:52.753 [main] INFO  ru.notivent.NotiventApp.logStarting - Starting NotiventApp using Java 21 with PID 21832 (C:\Users\1\IdeaProjects\notivent\target\classes started by 1 in C:\Users\1\IdeaProjects\notivent)
14-10-2024 15:18:52.754 [main] INFO  ru.notivent.NotiventApp.logStartupProfileInfo - No active profile set, falling back to 1 default profile: "default"
14-10-2024 15:18:53.863 [main] INFO  o.s.c.s.PostProcessorRegistrationDelegate$BeanPostProcessorChecker.postProcessAfterInitialization - Bean 'myBatisConfiguration' of type [ru.notivent.configuration.MyBatisConfiguration$$SpringCGLIB$$0] is not eligible for getting processed by all BeanPostProcessors (for example: not eligible for auto-proxying)
14-10-2024 15:18:53.902 [main] INFO  o.s.c.s.PostProcessorRegistrationDelegate$BeanPostProcessorChecker.postProcessAfterInitialization - Bean 'dataSource' of type [com.zaxxer.hikari.HikariDataSource] is not eligible for getting processed by all BeanPostProcessors (for example: not eligible for auto-proxying)
14-10-2024 15:18:53.906 [main] INFO  o.s.c.s.PostProcessorRegistrationDelegate$BeanPostProcessorChecker.postProcessAfterInitialization - Bean 'transactionManager' of type [org.springframework.jdbc.datasource.DataSourceTransactionManager] is not eligible for getting processed by all BeanPostProcessors (for example: not eligible for auto-proxying)
14-10-2024 15:18:54.159 [main] INFO  o.s.b.w.e.tomcat.TomcatWebServer.initialize - Tomcat initialized with port(s): 8010 (http)
14-10-2024 15:18:54.165 [main] INFO  o.a.coyote.http11.Http11NioProtocol.log - Initializing ProtocolHandler ["http-nio-8010"]
14-10-2024 15:18:54.167 [main] INFO  o.a.catalina.core.StandardService.log - Starting service [Tomcat]
14-10-2024 15:18:54.168 [main] INFO  o.a.catalina.core.StandardEngine.log - Starting Servlet engine: [Apache Tomcat/10.1.15]
14-10-2024 15:18:54.251 [main] INFO  o.a.c.c.C.[.[localhost].[/notivent].log - Initializing Spring embedded WebApplicationContext
14-10-2024 15:18:54.252 [main] INFO  o.s.b.w.s.c.ServletWebServerApplicationContext.prepareWebApplicationContext - Root WebApplicationContext: initialization completed in 1455 ms
14-10-2024 15:18:54.438 [main] INFO  com.zaxxer.hikari.HikariDataSource.getConnection - HikariPool-1 - Starting...
14-10-2024 15:18:54.645 [main] INFO  com.zaxxer.hikari.pool.HikariPool.checkFailFast - HikariPool-1 - Added connection org.postgresql.jdbc.PgConnection@6562cc23
14-10-2024 15:18:54.647 [main] INFO  com.zaxxer.hikari.HikariDataSource.getConnection - HikariPool-1 - Start completed.
14-10-2024 15:18:55.992 [main] INFO  liquibase.changelog.log - Reading from public.databasechangelog
14-10-2024 15:18:56.066 [main] INFO  liquibase.changelog.log - Reading from public.databasechangelog
14-10-2024 15:18:56.075 [main] INFO  liquibase.util.log - UPDATE SUMMARY
14-10-2024 15:18:56.075 [main] INFO  liquibase.util.log - Run:                          0
14-10-2024 15:18:56.076 [main] INFO  liquibase.util.log - Previously run:              25
14-10-2024 15:18:56.076 [main] INFO  liquibase.util.log - Filtered out:                 0
14-10-2024 15:18:56.076 [main] INFO  liquibase.util.log - -------------------------------
14-10-2024 15:18:56.076 [main] INFO  liquibase.util.log - Total change sets:           25
14-10-2024 15:18:56.076 [main] INFO  liquibase.util.log - Update summary generated
14-10-2024 15:18:56.092 [main] INFO  liquibase.lockservice.log - Successfully released change log lock
14-10-2024 15:18:56.093 [main] INFO  liquibase.command.log - Command execution complete
14-10-2024 15:18:56.273 [main] DEBUG o.s.w.f.CommonsRequestLoggingFilter.init - Filter 'logFilter' configured for use
14-10-2024 15:18:56.556 [main] WARN  o.s.b.a.s.s.UserDetailsServiceAutoConfiguration.getOrDeducePassword - 

Using generated security password: 0d3b4f23-5608-45e6-8242-7a3efda3e73b

This generated password is for development use only. Your security configuration must be updated before running your application in production.

14-10-2024 15:18:56.652 [main] INFO  o.s.s.web.DefaultSecurityFilterChain.<init> - Will secure any request with [org.springframework.security.web.session.DisableEncodeUrlFilter@3f5a4a48, org.springframework.security.web.context.request.async.WebAsyncManagerIntegrationFilter@7bbaf6fc, org.springframework.security.web.context.SecurityContextHolderFilter@4626ba1b, org.springframework.security.web.header.HeaderWriterFilter@64cbd552, org.springframework.security.web.authentication.logout.LogoutFilter@1f0cb0b0, ru.notivent.configuration.SecurityFilter@6411c41a, org.springframework.security.web.savedrequest.RequestCacheAwareFilter@6ffa30e3, org.springframework.security.web.servletapi.SecurityContextHolderAwareRequestFilter@1d3727b8, org.springframework.security.web.authentication.AnonymousAuthenticationFilter@381eb99, org.springframework.security.web.access.ExceptionTranslationFilter@2c5875be, org.springframework.security.web.access.intercept.AuthorizationFilter@145a0fd0]
14-10-2024 15:18:57.246 [main] INFO  o.a.coyote.http11.Http11NioProtocol.log - Starting ProtocolHandler ["http-nio-8010"]
14-10-2024 15:18:57.262 [main] INFO  o.s.b.w.e.tomcat.TomcatWebServer.start - Tomcat started on port(s): 8010 (http) with context path '/notivent'
14-10-2024 15:18:57.340 [main] INFO  o.s.b.w.e.tomcat.TomcatWebServer.initialize - Tomcat initialized with port(s): 6150 (http)
14-10-2024 15:18:57.341 [main] INFO  o.a.coyote.http11.Http11NioProtocol.log - Initializing ProtocolHandler ["http-nio-6150"]
14-10-2024 15:18:57.341 [main] INFO  o.a.catalina.core.StandardService.log - Starting service [Tomcat]
14-10-2024 15:18:57.341 [main] INFO  o.a.catalina.core.StandardEngine.log - Starting Servlet engine: [Apache Tomcat/10.1.15]
14-10-2024 15:18:57.369 [main] INFO  o.a.c.c.C.[Tomcat-1].[localhost].[/].log - Initializing Spring embedded WebApplicationContext
14-10-2024 15:18:57.369 [main] INFO  o.s.b.w.s.c.ServletWebServerApplicationContext.prepareWebApplicationContext - Root WebApplicationContext: initialization completed in 104 ms
14-10-2024 15:18:57.388 [main] INFO  o.s.b.a.e.web.EndpointLinksResolver.<init> - Exposing 1 endpoint(s) beneath base path '/actuator'
14-10-2024 15:18:57.431 [main] INFO  o.a.coyote.http11.Http11NioProtocol.log - Starting ProtocolHandler ["http-nio-6150"]
14-10-2024 15:18:57.435 [main] INFO  o.s.b.w.e.tomcat.TomcatWebServer.start - Tomcat started on port(s): 6150 (http) with context path ''
14-10-2024 15:18:57.448 [main] INFO  ru.notivent.NotiventApp.logStarted - Started NotiventApp in 5.207 seconds (process running for 5.597)
14-10-2024 15:19:19.844 [http-nio-8010-exec-1] INFO  o.a.c.c.C.[.[localhost].[/notivent].log - Initializing Spring DispatcherServlet 'dispatcherServlet'
14-10-2024 15:19:19.845 [http-nio-8010-exec-1] INFO  o.s.web.servlet.DispatcherServlet.initServletBean - Initializing Servlet 'dispatcherServlet'
14-10-2024 15:19:19.846 [http-nio-8010-exec-1] INFO  o.s.web.servlet.DispatcherServlet.initServletBean - Completed initialization in 1 ms
14-10-2024 15:19:19.852 [http-nio-8010-exec-1] INFO  r.notivent.logs.RequestCachingFilter.doFilterInternal - REQUEST DATA: 
14-10-2024 15:19:19.889 [http-nio-8010-exec-1] DEBUG o.s.w.f.CommonsRequestLoggingFilter.beforeRequest - Before request [GET /notivent/endpoint/get/all]
14-10-2024 15:19:20.000 [http-nio-8010-exec-1] DEBUG o.s.w.f.CommonsRequestLoggingFilter.afterRequest - REQUEST DATA: GET /notivent/endpoint/get/all]
14-10-2024 15:19:20.023 [http-nio-8010-exec-2] INFO  r.notivent.logs.RequestCachingFilter.doFilterInternal - REQUEST DATA: 
14-10-2024 15:19:20.030 [http-nio-8010-exec-2] DEBUG o.s.w.f.CommonsRequestLoggingFilter.beforeRequest - Before request [GET /notivent/notification]
14-10-2024 15:19:20.041 [http-nio-8010-exec-2] DEBUG o.s.w.f.CommonsRequestLoggingFilter.afterRequest - REQUEST DATA: GET /notivent/notification]
14-10-2024 15:19:20.241 [http-nio-8010-exec-3] INFO  r.notivent.logs.RequestCachingFilter.doFilterInternal - REQUEST DATA: {"latitude":37.421998333333335,"longitude":-122.084}
14-10-2024 15:19:20.244 [http-nio-8010-exec-3] DEBUG o.s.w.f.CommonsRequestLoggingFilter.beforeRequest - Before request [POST /notivent/geopoint/getAll]
14-10-2024 15:19:20.476 [http-nio-8010-exec-3] DEBUG o.s.w.f.CommonsRequestLoggingFilter.afterRequest - REQUEST DATA: POST /notivent/geopoint/getAll, payload={"latitude":37.421998333333335,"longitude":-122.084}]
14-10-2024 15:19:25.200 [http-nio-8010-exec-4] INFO  r.notivent.logs.RequestCachingFilter.doFilterInternal - REQUEST DATA: 
14-10-2024 15:19:25.204 [http-nio-8010-exec-4] DEBUG o.s.w.f.CommonsRequestLoggingFilter.beforeRequest - Before request [GET /notivent/user/profile]
14-10-2024 15:19:25.208 [http-nio-8010-exec-4] DEBUG o.s.w.f.CommonsRequestLoggingFilter.afterRequest - REQUEST DATA: GET /notivent/user/profile]
14-10-2024 15:19:26.365 [http-nio-8010-exec-5] INFO  r.notivent.logs.RequestCachingFilter.doFilterInternal - REQUEST DATA: 
14-10-2024 15:19:26.368 [http-nio-8010-exec-5] DEBUG o.s.w.f.CommonsRequestLoggingFilter.beforeRequest - Before request [GET /notivent/subscription/check]
14-10-2024 15:19:26.374 [http-nio-8010-exec-5] DEBUG o.s.w.f.CommonsRequestLoggingFilter.afterRequest - REQUEST DATA: GET /notivent/subscription/check]
14-10-2024 15:19:26.435 [http-nio-8010-exec-6] INFO  r.notivent.logs.RequestCachingFilter.doFilterInternal - REQUEST DATA: 
14-10-2024 15:19:26.437 [http-nio-8010-exec-6] DEBUG o.s.w.f.CommonsRequestLoggingFilter.beforeRequest - Before request [GET /notivent/contacts]
14-10-2024 15:19:26.445 [http-nio-8010-exec-6] DEBUG o.s.w.f.CommonsRequestLoggingFilter.afterRequest - REQUEST DATA: GET /notivent/contacts]
14-10-2024 15:33:37.131 [SpringApplicationShutdownHook] INFO  com.zaxxer.hikari.HikariDataSource.close - HikariPool-1 - Shutdown initiated...
14-10-2024 15:33:37.134 [SpringApplicationShutdownHook] INFO  com.zaxxer.hikari.HikariDataSource.close - HikariPool-1 - Shutdown completed.
14-10-2024 15:48:51.024 [background-preinit] INFO  o.h.validator.internal.util.Version.<clinit> - HV000001: Hibernate Validator 8.0.1.Final
14-10-2024 15:48:51.045 [main] INFO  r.n.s.AuthenticationServiceTest.logStarting - Starting AuthenticationServiceTest using Java 17.0.8 with PID 17312 (started by 1 in C:\Users\1\IdeaProjects\notivent)
14-10-2024 15:48:51.045 [main] INFO  r.n.s.AuthenticationServiceTest.logStartupProfileInfo - The following 1 profile is active: "test"
14-10-2024 15:48:52.016 [main] INFO  o.s.c.s.PostProcessorRegistrationDelegate$BeanPostProcessorChecker.postProcessAfterInitialization - Bean 'myBatisConfiguration' of type [ru.notivent.configuration.MyBatisConfiguration$$SpringCGLIB$$0] is not eligible for getting processed by all BeanPostProcessors (for example: not eligible for auto-proxying)
14-10-2024 15:48:52.043 [main] INFO  o.s.c.s.PostProcessorRegistrationDelegate$BeanPostProcessorChecker.postProcessAfterInitialization - Bean 'dataSource' of type [com.zaxxer.hikari.HikariDataSource] is not eligible for getting processed by all BeanPostProcessors (for example: not eligible for auto-proxying)
14-10-2024 15:48:52.048 [main] INFO  o.s.c.s.PostProcessorRegistrationDelegate$BeanPostProcessorChecker.postProcessAfterInitialization - Bean 'transactionManager' of type [org.springframework.jdbc.datasource.DataSourceTransactionManager] is not eligible for getting processed by all BeanPostProcessors (for example: not eligible for auto-proxying)
14-10-2024 15:48:52.547 [main] WARN  o.s.b.a.s.s.UserDetailsServiceAutoConfiguration.getOrDeducePassword - 

Using generated security password: 817d85f6-198c-431b-b0b7-36b6147e3410

This generated password is for development use only. Your security configuration must be updated before running your application in production.

14-10-2024 15:48:52.710 [main] INFO  o.s.s.web.DefaultSecurityFilterChain.<init> - Will secure any request with [org.springframework.security.web.session.DisableEncodeUrlFilter@729d6ee2, org.springframework.security.web.context.request.async.WebAsyncManagerIntegrationFilter@4adcc981, org.springframework.security.web.context.SecurityContextHolderFilter@291cbe70, org.springframework.security.web.header.HeaderWriterFilter@5da3f32a, org.springframework.security.web.authentication.logout.LogoutFilter@39f68aec, ru.notivent.configuration.SecurityFilter@73aae7a, org.springframework.security.web.savedrequest.RequestCacheAwareFilter@225ddf5f, org.springframework.security.web.servletapi.SecurityContextHolderAwareRequestFilter@1b36d248, org.springframework.security.web.authentication.AnonymousAuthenticationFilter@3856d0cb, org.springframework.security.web.access.ExceptionTranslationFilter@3c8758d1, org.springframework.security.web.access.intercept.AuthorizationFilter@4efed0e0]
14-10-2024 15:48:53.313 [main] INFO  r.n.s.AuthenticationServiceTest.logStarted - Started AuthenticationServiceTest in 2.596 seconds (process running for 12.872)
14-10-2024 15:48:54.090 [main] INFO  com.zaxxer.hikari.HikariDataSource.getConnection - HikariPool-1 - Starting...
14-10-2024 15:48:54.103 [main] INFO  tc.postgis/postgis:16-3.4.tryStart - Creating container for image: postgis/postgis:16-3.4
14-10-2024 15:48:54.242 [main] INFO  tc.postgis/postgis:16-3.4.tryStart - Container postgis/postgis:16-3.4 is starting: 54b984724b90b9c0803f8bf848086407d277484c0704016fb140dc5d6ca050bd
14-10-2024 15:48:57.782 [main] INFO  tc.postgis/postgis:16-3.4.tryStart - Container postgis/postgis:16-3.4 started in PT3.6805651S
14-10-2024 15:48:57.783 [main] INFO  tc.postgis/postgis:16-3.4.containerIsStarted - Container is started (JDBC URL: jdbc:postgresql://localhost:65083/test?loggerLevel=OFF)
14-10-2024 15:48:57.889 [main] INFO  org.testcontainers.ext.ScriptUtils.executeDatabaseScript - Executing database script from sql/dbInitTest.sql
14-10-2024 15:48:57.982 [main] INFO  org.testcontainers.ext.ScriptUtils.executeDatabaseScript - Executed database script from sql/dbInitTest.sql in 93 ms.
14-10-2024 15:48:57.994 [main] INFO  com.zaxxer.hikari.pool.HikariPool.checkFailFast - HikariPool-1 - Added connection org.testcontainers.jdbc.ConnectionWrapper@206de1f
14-10-2024 15:48:57.997 [main] INFO  com.zaxxer.hikari.HikariDataSource.getConnection - HikariPool-1 - Start completed.
14-10-2024 15:49:10.227 [main] INFO  o.s.t.c.s.AnnotationConfigContextLoaderUtils.detectDefaultConfigurationClasses - Could not detect default configuration classes for test class [ru.notivent.service.CommentServiceTest]: CommentServiceTest does not declare any static, non-private, non-final, nested classes annotated with @Configuration.
14-10-2024 15:49:10.229 [main] INFO  o.s.b.t.c.SpringBootTestContextBootstrapper.getOrFindConfigurationClasses - Found @SpringBootConfiguration ru.notivent.NotiventApp for test class ru.notivent.service.CommentServiceTest
14-10-2024 15:49:10.231 [main] INFO  tc.postgis/postgis:16-3.4-alpine.tryStart - Creating container for image: postgis/postgis:16-3.4-alpine
14-10-2024 15:49:10.276 [main] INFO  tc.postgis/postgis:16-3.4-alpine.tryStart - Container postgis/postgis:16-3.4-alpine is starting: c1e3c3efa38a4ba1c48713dce513075efa7fcdb10a22cde281b56c2a553fd42c
14-10-2024 15:49:12.942 [main] INFO  tc.postgis/postgis:16-3.4-alpine.tryStart - Container postgis/postgis:16-3.4-alpine started in PT2.7107317S
14-10-2024 15:49:12.942 [main] INFO  tc.postgis/postgis:16-3.4-alpine.containerIsStarted - Container is started (JDBC URL: jdbc:postgresql://localhost:65106/notivent?loggerLevel=OFF)
14-10-2024 15:49:13.995 [main] INFO  o.s.t.c.s.AnnotationConfigContextLoaderUtils.detectDefaultConfigurationClasses - Could not detect default configuration classes for test class [ru.notivent.service.GeoPointServiceTest]: GeoPointServiceTest does not declare any static, non-private, non-final, nested classes annotated with @Configuration.
14-10-2024 15:49:13.997 [main] INFO  o.s.b.t.c.SpringBootTestContextBootstrapper.getOrFindConfigurationClasses - Found @SpringBootConfiguration ru.notivent.NotiventApp for test class ru.notivent.service.GeoPointServiceTest
14-10-2024 15:49:14.000 [main] INFO  tc.postgis/postgis:16-3.4-alpine.tryStart - Creating container for image: postgis/postgis:16-3.4-alpine
14-10-2024 15:49:14.067 [main] INFO  tc.postgis/postgis:16-3.4-alpine.tryStart - Container postgis/postgis:16-3.4-alpine is starting: 14d9794d6c977270b7101921ef8a35d108987debbfd67afd664363e43312c26e
14-10-2024 15:49:16.879 [main] INFO  tc.postgis/postgis:16-3.4-alpine.tryStart - Container postgis/postgis:16-3.4-alpine started in PT2.8795712S
14-10-2024 15:49:16.879 [main] INFO  tc.postgis/postgis:16-3.4-alpine.containerIsStarted - Container is started (JDBC URL: jdbc:postgresql://localhost:65110/notivent?loggerLevel=OFF)
14-10-2024 15:49:17.799 [main] INFO  o.s.t.c.s.AnnotationConfigContextLoaderUtils.detectDefaultConfigurationClasses - Could not detect default configuration classes for test class [ru.notivent.service.PaymentServiceTest]: PaymentServiceTest does not declare any static, non-private, non-final, nested classes annotated with @Configuration.
14-10-2024 15:49:17.801 [main] INFO  o.s.b.t.c.SpringBootTestContextBootstrapper.getOrFindConfigurationClasses - Found @SpringBootConfiguration ru.notivent.NotiventApp for test class ru.notivent.service.PaymentServiceTest
14-10-2024 15:49:17.802 [main] INFO  tc.postgis/postgis:16-3.4-alpine.tryStart - Creating container for image: postgis/postgis:16-3.4-alpine
14-10-2024 15:49:17.871 [main] INFO  tc.postgis/postgis:16-3.4-alpine.tryStart - Container postgis/postgis:16-3.4-alpine is starting: bcc3364a9850bfc85672906b479345315144ce0fcd2d6990a820f1927e777b8a
14-10-2024 15:49:20.693 [main] INFO  tc.postgis/postgis:16-3.4-alpine.tryStart - Container postgis/postgis:16-3.4-alpine started in PT2.8913592S
14-10-2024 15:49:20.694 [main] INFO  tc.postgis/postgis:16-3.4-alpine.containerIsStarted - Container is started (JDBC URL: jdbc:postgresql://localhost:65119/notivent?loggerLevel=OFF)
14-10-2024 15:49:20.725 [main] ERROR ru.notivent.service.PaymentService.updateOrder - Order 666 not found!
14-10-2024 15:49:20.756 [main] ERROR ru.notivent.service.PaymentService.createOrder - Tariff fa9b4c8b-8e4c-4a62-a5ee-bcf87943c3af not found!
14-10-2024 15:49:21.610 [main] INFO  o.s.t.c.s.AnnotationConfigContextLoaderUtils.detectDefaultConfigurationClasses - Could not detect default configuration classes for test class [ru.notivent.service.yandex.s3.S3ServiceTest]: S3ServiceTest does not declare any static, non-private, non-final, nested classes annotated with @Configuration.
14-10-2024 15:49:21.625 [main] INFO  o.s.b.t.c.SpringBootTestContextBootstrapper.getOrFindConfigurationClasses - Found @SpringBootConfiguration ru.notivent.NotiventApp for test class ru.notivent.service.yandex.s3.S3ServiceTest
14-10-2024 15:49:21.629 [main] INFO  tc.localstack/localstack:0.14.0.resolveHostname - HOSTNAME_EXTERNAL environment variable set to localhost (to match host-routable address for container)
14-10-2024 15:49:21.629 [main] INFO  tc.localstack/localstack:0.14.0.tryStart - Creating container for image: localstack/localstack:0.14.0
14-10-2024 15:49:22.343 [main] INFO  tc.localstack/localstack:0.14.0.tryStart - Container localstack/localstack:0.14.0 is starting: f0a4b57a283d67c7c0d68126cdbf4aae397c64da71616cc2fa50437131616320
14-10-2024 15:49:27.791 [main] INFO  tc.localstack/localstack:0.14.0.tryStart - Container localstack/localstack:0.14.0 started in PT6.1617425S
14-10-2024 15:49:29.311 [SpringApplicationShutdownHook] INFO  com.zaxxer.hikari.HikariDataSource.close - HikariPool-1 - Shutdown initiated...
14-10-2024 15:49:29.666 [SpringApplicationShutdownHook] INFO  com.zaxxer.hikari.HikariDataSource.close - HikariPool-1 - Shutdown completed.
14-10-2024 15:55:16.858 [background-preinit] INFO  o.h.validator.internal.util.Version.<clinit> - HV000001: Hibernate Validator 8.0.1.Final
14-10-2024 15:55:16.876 [main] INFO  r.n.s.AuthenticationServiceTest.logStarting - Starting AuthenticationServiceTest using Java 17.0.8 with PID 19772 (started by 1 in C:\Users\1\IdeaProjects\notivent)
14-10-2024 15:55:16.877 [main] INFO  r.n.s.AuthenticationServiceTest.logStartupProfileInfo - The following 1 profile is active: "test"
14-10-2024 15:55:17.864 [main] INFO  o.s.c.s.PostProcessorRegistrationDelegate$BeanPostProcessorChecker.postProcessAfterInitialization - Bean 'myBatisConfiguration' of type [ru.notivent.configuration.MyBatisConfiguration$$SpringCGLIB$$0] is not eligible for getting processed by all BeanPostProcessors (for example: not eligible for auto-proxying)
14-10-2024 15:55:17.887 [main] INFO  o.s.c.s.PostProcessorRegistrationDelegate$BeanPostProcessorChecker.postProcessAfterInitialization - Bean 'dataSource' of type [com.zaxxer.hikari.HikariDataSource] is not eligible for getting processed by all BeanPostProcessors (for example: not eligible for auto-proxying)
14-10-2024 15:55:17.889 [main] INFO  o.s.c.s.PostProcessorRegistrationDelegate$BeanPostProcessorChecker.postProcessAfterInitialization - Bean 'transactionManager' of type [org.springframework.jdbc.datasource.DataSourceTransactionManager] is not eligible for getting processed by all BeanPostProcessors (for example: not eligible for auto-proxying)
14-10-2024 15:55:18.363 [main] WARN  o.s.b.a.s.s.UserDetailsServiceAutoConfiguration.getOrDeducePassword - 

Using generated security password: b4ac4128-17c6-497d-84c3-2a3748778128

This generated password is for development use only. Your security configuration must be updated before running your application in production.

14-10-2024 15:55:18.516 [main] INFO  o.s.s.web.DefaultSecurityFilterChain.<init> - Will secure any request with [org.springframework.security.web.session.DisableEncodeUrlFilter@3835d3fd, org.springframework.security.web.context.request.async.WebAsyncManagerIntegrationFilter@2759749, org.springframework.security.web.context.SecurityContextHolderFilter@4888425d, org.springframework.security.web.header.HeaderWriterFilter@3278d065, org.springframework.security.web.authentication.logout.LogoutFilter@215a0264, ru.notivent.configuration.SecurityFilter@4efed0e0, org.springframework.security.web.savedrequest.RequestCacheAwareFilter@166ddfb7, org.springframework.security.web.servletapi.SecurityContextHolderAwareRequestFilter@291cbe70, org.springframework.security.web.authentication.AnonymousAuthenticationFilter@4ac0ed65, org.springframework.security.web.access.ExceptionTranslationFilter@4feec184, org.springframework.security.web.access.intercept.AuthorizationFilter@df6f19b]
14-10-2024 15:55:19.079 [main] INFO  r.n.s.AuthenticationServiceTest.logStarted - Started AuthenticationServiceTest in 2.499 seconds (process running for 7.296)
14-10-2024 15:55:19.788 [main] INFO  com.zaxxer.hikari.HikariDataSource.getConnection - HikariPool-1 - Starting...
14-10-2024 15:55:19.803 [main] INFO  tc.postgis/postgis:16-3.4.tryStart - Creating container for image: postgis/postgis:16-3.4
14-10-2024 15:55:19.898 [main] INFO  tc.postgis/postgis:16-3.4.tryStart - Container postgis/postgis:16-3.4 is starting: 6f261da55836e42ed58b28f7d924d13709e816921528129967247bb0a55cbd79
14-10-2024 15:55:25.976 [main] INFO  tc.postgis/postgis:16-3.4.tryStart - Container postgis/postgis:16-3.4 started in PT6.1732366S
14-10-2024 15:55:25.977 [main] INFO  tc.postgis/postgis:16-3.4.containerIsStarted - Container is started (JDBC URL: jdbc:postgresql://localhost:65341/test?loggerLevel=OFF)
14-10-2024 15:55:26.075 [main] INFO  org.testcontainers.ext.ScriptUtils.executeDatabaseScript - Executing database script from sql/dbInitTest.sql
14-10-2024 15:55:26.156 [main] INFO  org.testcontainers.ext.ScriptUtils.executeDatabaseScript - Executed database script from sql/dbInitTest.sql in 81 ms.
14-10-2024 15:55:26.167 [main] INFO  com.zaxxer.hikari.pool.HikariPool.checkFailFast - HikariPool-1 - Added connection org.testcontainers.jdbc.ConnectionWrapper@5fa3df
14-10-2024 15:55:26.170 [main] INFO  com.zaxxer.hikari.HikariDataSource.getConnection - HikariPool-1 - Start completed.
14-10-2024 15:55:37.471 [main] INFO  o.s.t.c.s.AnnotationConfigContextLoaderUtils.detectDefaultConfigurationClasses - Could not detect default configuration classes for test class [ru.notivent.service.CommentServiceTest]: CommentServiceTest does not declare any static, non-private, non-final, nested classes annotated with @Configuration.
14-10-2024 15:55:37.474 [main] INFO  o.s.b.t.c.SpringBootTestContextBootstrapper.getOrFindConfigurationClasses - Found @SpringBootConfiguration ru.notivent.NotiventApp for test class ru.notivent.service.CommentServiceTest
14-10-2024 15:55:37.476 [main] INFO  tc.postgis/postgis:16-3.4-alpine.tryStart - Creating container for image: postgis/postgis:16-3.4-alpine
14-10-2024 15:55:37.515 [main] INFO  tc.postgis/postgis:16-3.4-alpine.tryStart - Container postgis/postgis:16-3.4-alpine is starting: 5006cc70e7b55a203ee05a75feb76b0be0d720b1d22b8558eb27acb7390834d2
14-10-2024 15:55:40.092 [main] INFO  tc.postgis/postgis:16-3.4-alpine.tryStart - Container postgis/postgis:16-3.4-alpine started in PT2.6159248S
14-10-2024 15:55:40.092 [main] INFO  tc.postgis/postgis:16-3.4-alpine.containerIsStarted - Container is started (JDBC URL: jdbc:postgresql://localhost:65367/notivent?loggerLevel=OFF)
14-10-2024 15:55:40.553 [main] INFO  o.s.t.c.s.AnnotationConfigContextLoaderUtils.detectDefaultConfigurationClasses - Could not detect default configuration classes for test class [ru.notivent.service.GeoPointServiceTest]: GeoPointServiceTest does not declare any static, non-private, non-final, nested classes annotated with @Configuration.
14-10-2024 15:55:40.555 [main] INFO  o.s.b.t.c.SpringBootTestContextBootstrapper.getOrFindConfigurationClasses - Found @SpringBootConfiguration ru.notivent.NotiventApp for test class ru.notivent.service.GeoPointServiceTest
14-10-2024 15:55:40.557 [main] INFO  tc.postgis/postgis:16-3.4-alpine.tryStart - Creating container for image: postgis/postgis:16-3.4-alpine
14-10-2024 15:55:40.587 [main] INFO  tc.postgis/postgis:16-3.4-alpine.tryStart - Container postgis/postgis:16-3.4-alpine is starting: 4c19465a655aa1807187713714a27ab55b2a8ad2a117fa9e11787eadea837dd0
14-10-2024 15:55:43.231 [main] INFO  tc.postgis/postgis:16-3.4-alpine.tryStart - Container postgis/postgis:16-3.4-alpine started in PT2.6743836S
14-10-2024 15:55:43.232 [main] INFO  tc.postgis/postgis:16-3.4-alpine.containerIsStarted - Container is started (JDBC URL: jdbc:postgresql://localhost:65374/notivent?loggerLevel=OFF)
14-10-2024 15:55:43.809 [main] INFO  o.s.t.c.s.AnnotationConfigContextLoaderUtils.detectDefaultConfigurationClasses - Could not detect default configuration classes for test class [ru.notivent.service.PaymentServiceTest]: PaymentServiceTest does not declare any static, non-private, non-final, nested classes annotated with @Configuration.
14-10-2024 15:55:43.811 [main] INFO  o.s.b.t.c.SpringBootTestContextBootstrapper.getOrFindConfigurationClasses - Found @SpringBootConfiguration ru.notivent.NotiventApp for test class ru.notivent.service.PaymentServiceTest
14-10-2024 15:55:43.813 [main] INFO  tc.postgis/postgis:16-3.4-alpine.tryStart - Creating container for image: postgis/postgis:16-3.4-alpine
14-10-2024 15:55:43.842 [main] INFO  tc.postgis/postgis:16-3.4-alpine.tryStart - Container postgis/postgis:16-3.4-alpine is starting: 264f7149328a67f63906a8bb43d43f027ca979474d33a6cc245dac7ed5462032
14-10-2024 15:55:46.406 [main] INFO  tc.postgis/postgis:16-3.4-alpine.tryStart - Container postgis/postgis:16-3.4-alpine started in PT2.5935548S
14-10-2024 15:55:46.407 [main] INFO  tc.postgis/postgis:16-3.4-alpine.containerIsStarted - Container is started (JDBC URL: jdbc:postgresql://localhost:65378/notivent?loggerLevel=OFF)
14-10-2024 15:55:46.435 [main] ERROR ru.notivent.service.PaymentService.updateOrder - Order 666 not found!
14-10-2024 15:55:46.461 [main] ERROR ru.notivent.service.PaymentService.createOrder - Tariff fa9b4c8b-8e4c-4a62-a5ee-bcf87943c3af not found!
14-10-2024 15:55:46.823 [main] INFO  o.s.t.c.s.AnnotationConfigContextLoaderUtils.detectDefaultConfigurationClasses - Could not detect default configuration classes for test class [ru.notivent.service.yandex.s3.S3ServiceTest]: S3ServiceTest does not declare any static, non-private, non-final, nested classes annotated with @Configuration.
14-10-2024 15:55:46.839 [main] INFO  o.s.b.t.c.SpringBootTestContextBootstrapper.getOrFindConfigurationClasses - Found @SpringBootConfiguration ru.notivent.NotiventApp for test class ru.notivent.service.yandex.s3.S3ServiceTest
14-10-2024 15:55:46.843 [main] INFO  tc.localstack/localstack:0.14.0.resolveHostname - HOSTNAME_EXTERNAL environment variable set to localhost (to match host-routable address for container)
14-10-2024 15:55:46.843 [main] INFO  tc.localstack/localstack:0.14.0.tryStart - Creating container for image: localstack/localstack:0.14.0
14-10-2024 15:55:47.534 [main] INFO  tc.localstack/localstack:0.14.0.tryStart - Container localstack/localstack:0.14.0 is starting: d442f62235079c96b08694e7cacc555f85c9f6440fd45480d811beeaede45f56
14-10-2024 15:55:51.968 [main] INFO  tc.localstack/localstack:0.14.0.tryStart - Container localstack/localstack:0.14.0 started in PT5.124208S
14-10-2024 15:55:52.998 [SpringApplicationShutdownHook] INFO  com.zaxxer.hikari.HikariDataSource.close - HikariPool-1 - Shutdown initiated...
14-10-2024 15:55:53.414 [SpringApplicationShutdownHook] INFO  com.zaxxer.hikari.HikariDataSource.close - HikariPool-1 - Shutdown completed.
